# JRE version: OpenJDK Runtime Environment Temurin-17.0.4.1+1 (17.0.4.1+1) (build 17.0.4.1+1)
# Java VM: OpenJDK 64-Bit Server VM Temurin-17.0.4.1+1 (17.0.4.1+1, mixed mode, sharing, tiered, compressed oops, compressed class ptrs, g1 gc, windows-amd64)
GC Precious Log:
 CPUs: 12 total, 12 available
 Memory: 8013M
 Large Page Support: Disabled
 NUMA Support: Disabled
 Compressed Oops: Enabled (32-bit)
 Heap Region Size: 1M
 Heap Min Capacity: 8M
 Heap Initial Capacity: 126M
 Heap Max Capacity: 2004M
 Pre-touch: Disabled
 Parallel Workers: 10
 Concurrent Workers: 3
 Concurrent Refinement Workers: 10
 Periodic GC: Disabled
Heap:
 garbage-first heap   total 270336K, used 61294K [0x0000000082c00000, 0x0000000100000000)
  region size 1024K, 1 young (1024K), 1 survivors (1024K)
 Metaspace       used 12593K, committed 12928K, reserved 1064960K
  class space    used 1180K, committed 1344K, reserved 1048576K
GC Heap History (20 events):
Event: 434.783 GC heap after
{Heap after GC invocations=80 (full 5):
 garbage-first heap   total 130048K, used 30535K [0x0000000082c00000, 0x0000000100000000)
  region size 1024K, 1 young (1024K), 1 survivors (1024K)
 Metaspace       used 12561K, committed 12800K, reserved 1064960K
  class space    used 1177K, committed 1344K, reserved 1048576K
}
Event: 434.874 GC heap before
{Heap before GC invocations=80 (full 5):
 garbage-first heap   total 130048K, used 70471K [0x0000000082c00000, 0x0000000100000000)
  region size 1024K, 17 young (17408K), 1 survivors (1024K)
 Metaspace       used 12583K, committed 12864K, reserved 1064960K
  class space    used 1180K, committed 1344K, reserved 1048576K
}
Event: 434.875 GC heap after
{Heap after GC invocations=81 (full 5):
 garbage-first heap   total 130048K, used 45926K [0x0000000082c00000, 0x0000000100000000)
  region size 1024K, 1 young (1024K), 1 survivors (1024K)
 Metaspace       used 12583K, committed 12864K, reserved 1064960K
  class space    used 1180K, committed 1344K, reserved 1048576K
}
Event: 434.877 GC heap before
{Heap before GC invocations=81 (full 5):
 garbage-first heap   total 130048K, used 61286K [0x0000000082c00000, 0x0000000100000000)
  region size 1024K, 2 young (2048K), 1 survivors (1024K)
 Metaspace       used 12583K, committed 12864K, reserved 1064960K
  class space    used 1180K, committed 1344K, reserved 1048576K
}
Event: 434.878 GC heap after
{Heap after GC invocations=82 (full 5):
 garbage-first heap   total 130048K, used 61286K [0x0000000082c00000, 0x0000000100000000)
  region size 1024K, 1 young (1024K), 1 survivors (1024K)
 Metaspace       used 12583K, committed 12864K, reserved 1064960K
  class space    used 1180K, committed 1344K, reserved 1048576K
}
Event: 434.892 GC heap before
{Heap before GC invocations=83 (full 5):
 garbage-first heap   total 137216K, used 76646K [0x0000000082c00000, 0x0000000100000000)
  region size 1024K, 2 young (2048K), 1 survivors (1024K)
 Metaspace       used 12583K, committed 12864K, reserved 1064960K
  class space    used 1180K, committed 1344K, reserved 1048576K
}
Event: 434.893 GC heap after
{Heap after GC invocations=84 (full 5):
 garbage-first heap   total 137216K, used 76626K [0x0000000082c00000, 0x0000000100000000)
  region size 1024K, 1 young (1024K), 1 survivors (1024K)
 Metaspace       used 12583K, committed 12864K, reserved 1064960K
  class space    used 1180K, committed 1344K, reserved 1048576K
}
Event: 434.903 GC heap before
{Heap before GC invocations=85 (full 5):
 garbage-first heap   total 163840K, used 91986K [0x0000000082c00000, 0x0000000100000000)
  region size 1024K, 2 young (2048K), 1 survivors (1024K)
 Metaspace       used 12583K, committed 12864K, reserved 1064960K
  class space    used 1180K, committed 1344K, reserved 1048576K
}
Event: 434.904 GC heap after
{Heap after GC invocations=86 (full 5):
 garbage-first heap   total 270336K, used 61301K [0x0000000082c00000, 0x0000000100000000)
  region size 1024K, 1 young (1024K), 1 survivors (1024K)
 Metaspace       used 12583K, committed 12864K, reserved 1064960K
  class space    used 1180K, committed 1344K, reserved 1048576K
}
Event: 434.966 GC heap before
{Heap before GC invocations=86 (full 5):
 garbage-first heap   total 270336K, used 121717K [0x0000000082c00000, 0x0000000100000000)
  region size 1024K, 16 young (16384K), 1 survivors (1024K)
 Metaspace       used 12586K, committed 12864K, reserved 1064960K
  class space    used 1180K, committed 1344K, reserved 1048576K
}
Event: 434.967 GC heap after
{Heap after GC invocations=87 (full 5):
 garbage-first heap   total 270336K, used 107346K [0x0000000082c00000, 0x0000000100000000)
  region size 1024K, 1 young (1024K), 1 survivors (1024K)
 Metaspace       used 12586K, committed 12864K, reserved 1064960K
  class space    used 1180K, committed 1344K, reserved 1048576K
}
Event: 434.988 GC heap before
{Heap before GC invocations=87 (full 5):
 garbage-first heap   total 270336K, used 122706K [0x0000000082c00000, 0x0000000100000000)
  region size 1024K, 2 young (2048K), 1 survivors (1024K)
 Metaspace       used 12586K, committed 12864K, reserved 1064960K
  class space    used 1180K, committed 1344K, reserved 1048576K
}
Event: 434.989 GC heap after
{Heap after GC invocations=88 (full 5):
 garbage-first heap   total 270336K, used 91997K [0x0000000082c00000, 0x0000000100000000)
  region size 1024K, 1 young (1024K), 1 survivors (1024K)
 Metaspace       used 12586K, committed 12864K, reserved 1064960K
  class space    used 1180K, committed 1344K, reserved 1048576K
}
Event: 435.103 GC heap before
{Heap before GC invocations=88 (full 5):
 garbage-first heap   total 270336K, used 118621K [0x0000000082c00000, 0x0000000100000000)
  region size 1024K, 4 young (4096K), 1 survivors (1024K)
 Metaspace       used 12586K, committed 12864K, reserved 1064960K
  class space    used 1180K, committed 1344K, reserved 1048576K
}
Event: 435.108 GC heap after
{Heap after GC invocations=89 (full 5):
 garbage-first heap   total 270336K, used 61286K [0x0000000082c00000, 0x0000000100000000)
  region size 1024K, 1 young (1024K), 1 survivors (1024K)
 Metaspace       used 12586K, committed 12864K, reserved 1064960K
  class space    used 1180K, committed 1344K, reserved 1048576K
}
Event: 435.412 GC heap before
{Heap before GC invocations=89 (full 5):
 garbage-first heap   total 270336K, used 120678K [0x0000000082c00000, 0x0000000100000000)
  region size 1024K, 6 young (6144K), 1 survivors (1024K)
 Metaspace       used 12588K, committed 12928K, reserved 1064960K
  class space    used 1180K, committed 1344K, reserved 1048576K
}
Event: 435.413 GC heap after
{Heap after GC invocations=90 (full 5):
 garbage-first heap   total 270336K, used 61301K [0x0000000082c00000, 0x0000000100000000)
  region size 1024K, 1 young (1024K), 1 survivors (1024K)
 Metaspace       used 12588K, committed 12928K, reserved 1064960K
  class space    used 1180K, committed 1344K, reserved 1048576K
}
Event: 435.638 GC heap before
{Heap before GC invocations=91 (full 5):
 garbage-first heap   total 235520K, used 104309K [0x0000000082c00000, 0x0000000100000000)
  region size 1024K, 5 young (5120K), 1 survivors (1024K)
 Metaspace       used 12589K, committed 12928K, reserved 1064960K
  class space    used 1180K, committed 1344K, reserved 1048576K
}
Event: 435.642 GC heap after
{Heap after GC invocations=92 (full 5):
 garbage-first heap   total 235520K, used 61299K [0x0000000082c00000, 0x0000000100000000)
  region size 1024K, 1 young (1024K), 1 survivors (1024K)
 Metaspace       used 12589K, committed 12928K, reserved 1064960K
  class space    used 1180K, committed 1344K, reserved 1048576K
}
Event: 435.855 GC heap before
{Heap before GC invocations=92 (full 5):
 garbage-first heap   total 235520K, used 104307K [0x0000000082c00000, 0x0000000100000000)
  region size 1024K, 5 young (5120K), 1 survivors (1024K)
 Metaspace       used 12593K, committed 12928K, reserved 1064960K
  class space    used 1180K, committed 1344K, reserved 1048576K
}

