# JRE version: OpenJDK Runtime Environment Temurin-17.0.4.1+1 (17.0.4.1+1) (build 17.0.4.1+1)
# Java VM: OpenJDK 64-Bit Server VM Temurin-17.0.4.1+1 (17.0.4.1+1, mixed mode, sharing, tiered, compressed oops, compressed class ptrs, g1 gc, windows-amd64)
GC Precious Log:
 CPUs: 12 total, 12 available
 Memory: 8013M
 Large Page Support: Disabled
 NUMA Support: Disabled
 Compressed Oops: Enabled (32-bit)
 Heap Region Size: 1M
 Heap Min Capacity: 8M
 Heap Initial Capacity: 126M
 Heap Max Capacity: 2004M
 Pre-touch: Disabled
 Parallel Workers: 10
 Concurrent Workers: 3
 Concurrent Refinement Workers: 10
 Periodic GC: Disabled
Heap:
 garbage-first heap   total 219136K, used 57209K [0x0000000082c00000, 0x0000000100000000)
  region size 1024K, 1 young (1024K), 1 survivors (1024K)
 Metaspace       used 12593K, committed 12928K, reserved 1064960K
  class space    used 1176K, committed 1344K, reserved 1048576K
GC Heap History (20 events):
Event: 112.840 GC heap after
{Heap after GC invocations=285 (full 4):
 garbage-first heap   total 267264K, used 57186K [0x0000000082c00000, 0x0000000100000000)
  region size 1024K, 1 young (1024K), 1 survivors (1024K)
 Metaspace       used 12593K, committed 12928K, reserved 1064960K
  class space    used 1176K, committed 1344K, reserved 1048576K
}
Event: 112.857 GC heap before
{Heap before GC invocations=286 (full 4):
 garbage-first heap   total 219136K, used 60256K [0x0000000082c00000, 0x0000000100000000)
  region size 1024K, 2 young (2048K), 1 survivors (1024K)
 Metaspace       used 12593K, committed 12928K, reserved 1064960K
  class space    used 1176K, committed 1344K, reserved 1048576K
}
Event: 112.858 GC heap after
{Heap after GC invocations=287 (full 4):
 garbage-first heap   total 219136K, used 57179K [0x0000000082c00000, 0x0000000100000000)
  region size 1024K, 1 young (1024K), 1 survivors (1024K)
 Metaspace       used 12593K, committed 12928K, reserved 1064960K
  class space    used 1176K, committed 1344K, reserved 1048576K
}
Event: 112.967 GC heap before
{Heap before GC invocations=288 (full 4):
 garbage-first heap   total 219136K, used 80731K [0x0000000082c00000, 0x0000000100000000)
  region size 1024K, 4 young (4096K), 1 survivors (1024K)
 Metaspace       used 12593K, committed 12928K, reserved 1064960K
  class space    used 1176K, committed 1344K, reserved 1048576K
}
Event: 112.970 GC heap after
{Heap after GC invocations=289 (full 4):
 garbage-first heap   total 219136K, used 57181K [0x0000000082c00000, 0x0000000100000000)
  region size 1024K, 1 young (1024K), 1 survivors (1024K)
 Metaspace       used 12593K, committed 12928K, reserved 1064960K
  class space    used 1176K, committed 1344K, reserved 1048576K
}
Event: 113.083 GC heap before
{Heap before GC invocations=289 (full 4):
 garbage-first heap   total 219136K, used 77661K [0x0000000082c00000, 0x0000000100000000)
  region size 1024K, 4 young (4096K), 1 survivors (1024K)
 Metaspace       used 12593K, committed 12928K, reserved 1064960K
  class space    used 1176K, committed 1344K, reserved 1048576K
}
Event: 113.084 GC heap after
{Heap after GC invocations=290 (full 4):
 garbage-first heap   total 265216K, used 57209K [0x0000000082c00000, 0x0000000100000000)
  region size 1024K, 1 young (1024K), 1 survivors (1024K)
 Metaspace       used 12593K, committed 12928K, reserved 1064960K
  class space    used 1176K, committed 1344K, reserved 1048576K
}
Event: 113.108 GC heap before
{Heap before GC invocations=291 (full 4):
 garbage-first heap   total 219136K, used 60281K [0x0000000082c00000, 0x0000000100000000)
  region size 1024K, 2 young (2048K), 1 survivors (1024K)
 Metaspace       used 12593K, committed 12928K, reserved 1064960K
  class space    used 1176K, committed 1344K, reserved 1048576K
}
Event: 113.109 GC heap after
{Heap after GC invocations=292 (full 4):
 garbage-first heap   total 219136K, used 57179K [0x0000000082c00000, 0x0000000100000000)
  region size 1024K, 1 young (1024K), 1 survivors (1024K)
 Metaspace       used 12593K, committed 12928K, reserved 1064960K
  class space    used 1176K, committed 1344K, reserved 1048576K
}
Event: 113.264 GC heap before
{Heap before GC invocations=293 (full 4):
 garbage-first heap   total 219136K, used 80731K [0x0000000082c00000, 0x0000000100000000)
  region size 1024K, 4 young (4096K), 1 survivors (1024K)
 Metaspace       used 12593K, committed 12928K, reserved 1064960K
  class space    used 1176K, committed 1344K, reserved 1048576K
}
Event: 113.265 GC heap after
{Heap after GC invocations=294 (full 4):
 garbage-first heap   total 219136K, used 57181K [0x0000000082c00000, 0x0000000100000000)
  region size 1024K, 1 young (1024K), 1 survivors (1024K)
 Metaspace       used 12593K, committed 12928K, reserved 1064960K
  class space    used 1176K, committed 1344K, reserved 1048576K
}
Event: 113.370 GC heap before
{Heap before GC invocations=294 (full 4):
 garbage-first heap   total 219136K, used 76637K [0x0000000082c00000, 0x0000000100000000)
  region size 1024K, 3 young (3072K), 1 survivors (1024K)
 Metaspace       used 12593K, committed 12928K, reserved 1064960K
  class space    used 1176K, committed 1344K, reserved 1048576K
}
Event: 113.373 GC heap after
{Heap after GC invocations=295 (full 4):
 garbage-first heap   total 219136K, used 57213K [0x0000000082c00000, 0x0000000100000000)
  region size 1024K, 1 young (1024K), 1 survivors (1024K)
 Metaspace       used 12593K, committed 12928K, reserved 1064960K
  class space    used 1176K, committed 1344K, reserved 1048576K
}
Event: 113.474 GC heap before
{Heap before GC invocations=295 (full 4):
 garbage-first heap   total 219136K, used 76669K [0x0000000082c00000, 0x0000000100000000)
  region size 1024K, 3 young (3072K), 1 survivors (1024K)
 Metaspace       used 12593K, committed 12928K, reserved 1064960K
  class space    used 1176K, committed 1344K, reserved 1048576K
}
Event: 113.475 GC heap after
{Heap after GC invocations=296 (full 4):
 garbage-first heap   total 219136K, used 57179K [0x0000000082c00000, 0x0000000100000000)
  region size 1024K, 1 young (1024K), 1 survivors (1024K)
 Metaspace       used 12593K, committed 12928K, reserved 1064960K
  class space    used 1176K, committed 1344K, reserved 1048576K
}
Event: 113.555 GC heap before
{Heap before GC invocations=296 (full 4):
 garbage-first heap   total 219136K, used 73563K [0x0000000082c00000, 0x0000000100000000)
  region size 1024K, 3 young (3072K), 1 survivors (1024K)
 Metaspace       used 12593K, committed 12928K, reserved 1064960K
  class space    used 1176K, committed 1344K, reserved 1048576K
}
Event: 113.556 GC heap after
{Heap after GC invocations=297 (full 4):
 garbage-first heap   total 219136K, used 57179K [0x0000000082c00000, 0x0000000100000000)
  region size 1024K, 1 young (1024K), 1 survivors (1024K)
 Metaspace       used 12593K, committed 12928K, reserved 1064960K
  class space    used 1176K, committed 1344K, reserved 1048576K
}
Event: 113.637 GC heap before
{Heap before GC invocations=297 (full 4):
 garbage-first heap   total 219136K, used 73563K [0x0000000082c00000, 0x0000000100000000)
  region size 1024K, 3 young (3072K), 1 survivors (1024K)
 Metaspace       used 12593K, committed 12928K, reserved 1064960K
  class space    used 1176K, committed 1344K, reserved 1048576K
}
Event: 113.638 GC heap after
{Heap after GC invocations=298 (full 4):
 garbage-first heap   total 219136K, used 57197K [0x0000000082c00000, 0x0000000100000000)
  region size 1024K, 1 young (1024K), 1 survivors (1024K)
 Metaspace       used 12593K, committed 12928K, reserved 1064960K
  class space    used 1176K, committed 1344K, reserved 1048576K
}
Event: 113.715 GC heap before
{Heap before GC invocations=299 (full 4):
 garbage-first heap   total 219136K, used 70509K [0x0000000082c00000, 0x0000000100000000)
  region size 1024K, 3 young (3072K), 1 survivors (1024K)
 Metaspace       used 12593K, committed 12928K, reserved 1064960K
  class space    used 1176K, committed 1344K, reserved 1048576K
}

