# JRE version: OpenJDK Runtime Environment Temurin-17.0.4.1+1 (17.0.4.1+1) (build 17.0.4.1+1)
# Java VM: OpenJDK 64-Bit Server VM Temurin-17.0.4.1+1 (17.0.4.1+1, mixed mode, sharing, tiered, compressed oops, compressed class ptrs, g1 gc, windows-amd64)
GC Precious Log:
 CPUs: 12 total, 12 available
 Memory: 8013M
 Large Page Support: Disabled
 NUMA Support: Disabled
 Compressed Oops: Enabled (32-bit)
 Heap Region Size: 1M
 Heap Min Capacity: 8M
 Heap Initial Capacity: 126M
 Heap Max Capacity: 2004M
 Pre-touch: Disabled
 Parallel Workers: 10
 Concurrent Workers: 3
 Concurrent Refinement Workers: 10
 Periodic GC: Disabled
Heap:
 garbage-first heap   total 322560K, used 316749K [0x0000000082c00000, 0x0000000100000000)
  region size 1024K, 2 young (2048K), 1 survivors (1024K)
 Metaspace       used 10412K, committed 10624K, reserved 1064960K
  class space    used 1042K, committed 1152K, reserved 1048576K
GC Heap History (20 events):
Event: 24.279 GC heap before
{Heap before GC invocations=30 (full 5):
 garbage-first heap   total 109568K, used 48744K [0x0000000082c00000, 0x0000000100000000)
  region size 1024K, 2 young (2048K), 1 survivors (1024K)
 Metaspace       used 10334K, committed 10560K, reserved 1064960K
  class space    used 1042K, committed 1152K, reserved 1048576K
}
Event: 24.282 GC heap after
{Heap after GC invocations=31 (full 5):
 garbage-first heap   total 109568K, used 18027K [0x0000000082c00000, 0x0000000100000000)
  region size 1024K, 1 young (1024K), 1 survivors (1024K)
 Metaspace       used 10334K, committed 10560K, reserved 1064960K
  class space    used 1042K, committed 1152K, reserved 1048576K
}
Event: 24.454 GC heap before
{Heap before GC invocations=31 (full 5):
 garbage-first heap   total 109568K, used 48747K [0x0000000082c00000, 0x0000000100000000)
  region size 1024K, 2 young (2048K), 1 survivors (1024K)
 Metaspace       used 10335K, committed 10560K, reserved 1064960K
  class space    used 1042K, committed 1152K, reserved 1048576K
}
Event: 24.455 GC heap after
{Heap after GC invocations=32 (full 5):
 garbage-first heap   total 109568K, used 18025K [0x0000000082c00000, 0x0000000100000000)
  region size 1024K, 1 young (1024K), 1 survivors (1024K)
 Metaspace       used 10335K, committed 10560K, reserved 1064960K
  class space    used 1042K, committed 1152K, reserved 1048576K
}
Event: 24.617 GC heap before
{Heap before GC invocations=32 (full 5):
 garbage-first heap   total 109568K, used 48745K [0x0000000082c00000, 0x0000000100000000)
  region size 1024K, 2 young (2048K), 1 survivors (1024K)
 Metaspace       used 10344K, committed 10560K, reserved 1064960K
  class space    used 1042K, committed 1152K, reserved 1048576K
}
Event: 24.618 GC heap after
{Heap after GC invocations=33 (full 5):
 garbage-first heap   total 109568K, used 18034K [0x0000000082c00000, 0x0000000100000000)
  region size 1024K, 1 young (1024K), 1 survivors (1024K)
 Metaspace       used 10344K, committed 10560K, reserved 1064960K
  class space    used 1042K, committed 1152K, reserved 1048576K
}
Event: 24.791 GC heap before
{Heap before GC invocations=33 (full 5):
 garbage-first heap   total 109568K, used 48754K [0x0000000082c00000, 0x0000000100000000)
  region size 1024K, 2 young (2048K), 1 survivors (1024K)
 Metaspace       used 10356K, committed 10624K, reserved 1064960K
  class space    used 1042K, committed 1152K, reserved 1048576K
}
Event: 24.792 GC heap after
{Heap after GC invocations=34 (full 5):
 garbage-first heap   total 109568K, used 18044K [0x0000000082c00000, 0x0000000100000000)
  region size 1024K, 1 young (1024K), 1 survivors (1024K)
 Metaspace       used 10356K, committed 10624K, reserved 1064960K
  class space    used 1042K, committed 1152K, reserved 1048576K
}
Event: 25.079 GC heap before
{Heap before GC invocations=35 (full 5):
 garbage-first heap   total 78848K, used 73340K [0x0000000082c00000, 0x0000000100000000)
  region size 1024K, 2 young (2048K), 1 survivors (1024K)
 Metaspace       used 10381K, committed 10624K, reserved 1064960K
  class space    used 1042K, committed 1152K, reserved 1048576K
}
Event: 25.081 GC heap after
{Heap after GC invocations=36 (full 5):
 garbage-first heap   total 78848K, used 18044K [0x0000000082c00000, 0x0000000100000000)
  region size 1024K, 1 young (1024K), 1 survivors (1024K)
 Metaspace       used 10381K, committed 10624K, reserved 1064960K
  class space    used 1042K, committed 1152K, reserved 1048576K
}
Event: 25.384 GC heap before
{Heap before GC invocations=36 (full 5):
 garbage-first heap   total 78848K, used 73340K [0x0000000082c00000, 0x0000000100000000)
  region size 1024K, 2 young (2048K), 1 survivors (1024K)
 Metaspace       used 10381K, committed 10624K, reserved 1064960K
  class space    used 1042K, committed 1152K, reserved 1048576K
}
Event: 25.385 GC heap after
{Heap after GC invocations=37 (full 5):
 garbage-first heap   total 78848K, used 18022K [0x0000000082c00000, 0x0000000100000000)
  region size 1024K, 1 young (1024K), 1 survivors (1024K)
 Metaspace       used 10381K, committed 10624K, reserved 1064960K
  class space    used 1042K, committed 1152K, reserved 1048576K
}
Event: 25.467 GC heap before
{Heap before GC invocations=37 (full 5):
 garbage-first heap   total 78848K, used 33382K [0x0000000082c00000, 0x0000000100000000)
  region size 1024K, 2 young (2048K), 1 survivors (1024K)
 Metaspace       used 10381K, committed 10624K, reserved 1064960K
  class space    used 1042K, committed 1152K, reserved 1048576K
}
Event: 25.468 GC heap after
{Heap after GC invocations=38 (full 5):
 garbage-first heap   total 78848K, used 18037K [0x0000000082c00000, 0x0000000100000000)
  region size 1024K, 1 young (1024K), 1 survivors (1024K)
 Metaspace       used 10381K, committed 10624K, reserved 1064960K
  class space    used 1042K, committed 1152K, reserved 1048576K
}
Event: 25.558 GC heap before
{Heap before GC invocations=38 (full 5):
 garbage-first heap   total 78848K, used 33397K [0x0000000082c00000, 0x0000000100000000)
  region size 1024K, 2 young (2048K), 1 survivors (1024K)
 Metaspace       used 10381K, committed 10624K, reserved 1064960K
  class space    used 1042K, committed 1152K, reserved 1048576K
}
Event: 25.560 GC heap after
{Heap after GC invocations=39 (full 5):
 garbage-first heap   total 78848K, used 18036K [0x0000000082c00000, 0x0000000100000000)
  region size 1024K, 1 young (1024K), 1 survivors (1024K)
 Metaspace       used 10381K, committed 10624K, reserved 1064960K
  class space    used 1042K, committed 1152K, reserved 1048576K
}
Event: 25.639 GC heap before
{Heap before GC invocations=39 (full 5):
 garbage-first heap   total 78848K, used 33396K [0x0000000082c00000, 0x0000000100000000)
  region size 1024K, 2 young (2048K), 1 survivors (1024K)
 Metaspace       used 10381K, committed 10624K, reserved 1064960K
  class space    used 1042K, committed 1152K, reserved 1048576K
}
Event: 25.640 GC heap after
{Heap after GC invocations=40 (full 5):
 garbage-first heap   total 98304K, used 18052K [0x0000000082c00000, 0x0000000100000000)
  region size 1024K, 1 young (1024K), 1 survivors (1024K)
 Metaspace       used 10381K, committed 10624K, reserved 1064960K
  class space    used 1042K, committed 1152K, reserved 1048576K
}
Event: 25.949 GC heap before
{Heap before GC invocations=41 (full 5):
 garbage-first heap   total 78848K, used 73348K [0x0000000082c00000, 0x0000000100000000)
  region size 1024K, 2 young (2048K), 1 survivors (1024K)
 Metaspace       used 10385K, committed 10624K, reserved 1064960K
  class space    used 1042K, committed 1152K, reserved 1048576K
}
Event: 25.951 GC heap after
{Heap after GC invocations=42 (full 5):
 garbage-first heap   total 78848K, used 18055K [0x0000000082c00000, 0x0000000100000000)
  region size 1024K, 1 young (1024K), 1 survivors (1024K)
 Metaspace       used 10385K, committed 10624K, reserved 1064960K
  class space    used 1042K, committed 1152K, reserved 1048576K
}

