# JRE version: OpenJDK Runtime Environment Temurin-17.0.4.1+1 (17.0.4.1+1) (build 17.0.4.1+1)
# Java VM: OpenJDK 64-Bit Server VM Temurin-17.0.4.1+1 (17.0.4.1+1, mixed mode, sharing, tiered, compressed oops, compressed class ptrs, g1 gc, windows-amd64)
GC Precious Log:
 CPUs: 12 total, 12 available
 Memory: 8013M
 Large Page Support: Disabled
 NUMA Support: Disabled
 Compressed Oops: Enabled (32-bit)
 Heap Region Size: 1M
 Heap Min Capacity: 8M
 Heap Initial Capacity: 126M
 Heap Max Capacity: 2004M
 Pre-touch: Disabled
 Parallel Workers: 10
 Concurrent Workers: 3
 Concurrent Refinement Workers: 10
 Periodic GC: Disabled
Heap:
 garbage-first heap   total 438272K, used 96217K [0x0000000082c00000, 0x0000000100000000)
  region size 1024K, 2 young (2048K), 2 survivors (2048K)
 Metaspace       used 12749K, committed 13120K, reserved 1064960K
  class space    used 1178K, committed 1344K, reserved 1048576K
GC Heap History (20 events):
Event: 49.209 GC heap after
{Heap after GC invocations=163 (full 10):
 garbage-first heap   total 348160K, used 96543K [0x0000000082c00000, 0x0000000100000000)
  region size 1024K, 2 young (2048K), 2 survivors (2048K)
 Metaspace       used 12713K, committed 12992K, reserved 1064960K
  class space    used 1178K, committed 1344K, reserved 1048576K
}
Event: 49.511 GC heap before
{Heap before GC invocations=163 (full 10):
 garbage-first heap   total 348160K, used 159007K [0x0000000082c00000, 0x0000000100000000)
  region size 1024K, 10 young (10240K), 2 survivors (2048K)
 Metaspace       used 12722K, committed 12992K, reserved 1064960K
  class space    used 1178K, committed 1344K, reserved 1048576K
}
Event: 49.512 GC heap after
{Heap after GC invocations=164 (full 10):
 garbage-first heap   total 348160K, used 96886K [0x0000000082c00000, 0x0000000100000000)
  region size 1024K, 2 young (2048K), 2 survivors (2048K)
 Metaspace       used 12722K, committed 12992K, reserved 1064960K
  class space    used 1178K, committed 1344K, reserved 1048576K
}
Event: 49.816 GC heap before
{Heap before GC invocations=164 (full 10):
 garbage-first heap   total 348160K, used 158326K [0x0000000082c00000, 0x0000000100000000)
  region size 1024K, 10 young (10240K), 2 survivors (2048K)
 Metaspace       used 12730K, committed 13056K, reserved 1064960K
  class space    used 1178K, committed 1344K, reserved 1048576K
}
Event: 49.818 GC heap after
{Heap after GC invocations=165 (full 10):
 garbage-first heap   total 348160K, used 96756K [0x0000000082c00000, 0x0000000100000000)
  region size 1024K, 2 young (2048K), 2 survivors (2048K)
 Metaspace       used 12730K, committed 13056K, reserved 1064960K
  class space    used 1178K, committed 1344K, reserved 1048576K
}
Event: 50.107 GC heap before
{Heap before GC invocations=165 (full 10):
 garbage-first heap   total 348160K, used 157172K [0x0000000082c00000, 0x0000000100000000)
  region size 1024K, 8 young (8192K), 2 survivors (2048K)
 Metaspace       used 12734K, committed 13056K, reserved 1064960K
  class space    used 1178K, committed 1344K, reserved 1048576K
}
Event: 50.108 GC heap after
{Heap after GC invocations=166 (full 10):
 garbage-first heap   total 348160K, used 96565K [0x0000000082c00000, 0x0000000100000000)
  region size 1024K, 2 young (2048K), 2 survivors (2048K)
 Metaspace       used 12734K, committed 13056K, reserved 1064960K
  class space    used 1178K, committed 1344K, reserved 1048576K
}
Event: 50.407 GC heap before
{Heap before GC invocations=166 (full 10):
 garbage-first heap   total 348160K, used 158005K [0x0000000082c00000, 0x0000000100000000)
  region size 1024K, 9 young (9216K), 2 survivors (2048K)
 Metaspace       used 12734K, committed 13056K, reserved 1064960K
  class space    used 1178K, committed 1344K, reserved 1048576K
}
Event: 50.409 GC heap after
{Heap after GC invocations=167 (full 10):
 garbage-first heap   total 348160K, used 96300K [0x0000000082c00000, 0x0000000100000000)
  region size 1024K, 2 young (2048K), 2 survivors (2048K)
 Metaspace       used 12734K, committed 13056K, reserved 1064960K
  class space    used 1178K, committed 1344K, reserved 1048576K
}
Event: 50.711 GC heap before
{Heap before GC invocations=168 (full 10):
 garbage-first heap   total 348160K, used 158764K [0x0000000082c00000, 0x0000000100000000)
  region size 1024K, 10 young (10240K), 2 survivors (2048K)
 Metaspace       used 12737K, committed 13056K, reserved 1064960K
  class space    used 1178K, committed 1344K, reserved 1048576K
}
Event: 50.712 GC heap after
{Heap after GC invocations=169 (full 10):
 garbage-first heap   total 348160K, used 96324K [0x0000000082c00000, 0x0000000100000000)
  region size 1024K, 2 young (2048K), 2 survivors (2048K)
 Metaspace       used 12737K, committed 13056K, reserved 1064960K
  class space    used 1178K, committed 1344K, reserved 1048576K
}
Event: 51.019 GC heap before
{Heap before GC invocations=169 (full 10):
 garbage-first heap   total 348160K, used 157764K [0x0000000082c00000, 0x0000000100000000)
  region size 1024K, 9 young (9216K), 2 survivors (2048K)
 Metaspace       used 12738K, committed 13056K, reserved 1064960K
  class space    used 1178K, committed 1344K, reserved 1048576K
}
Event: 51.022 GC heap after
{Heap after GC invocations=170 (full 10):
 garbage-first heap   total 348160K, used 96312K [0x0000000082c00000, 0x0000000100000000)
  region size 1024K, 2 young (2048K), 2 survivors (2048K)
 Metaspace       used 12738K, committed 13056K, reserved 1064960K
  class space    used 1178K, committed 1344K, reserved 1048576K
}
Event: 51.306 GC heap before
{Heap before GC invocations=171 (full 10):
 garbage-first heap   total 348160K, used 158776K [0x0000000082c00000, 0x0000000100000000)
  region size 1024K, 10 young (10240K), 2 survivors (2048K)
 Metaspace       used 12739K, committed 13056K, reserved 1064960K
  class space    used 1178K, committed 1344K, reserved 1048576K
}
Event: 51.307 GC heap after
{Heap after GC invocations=172 (full 10):
 garbage-first heap   total 348160K, used 96311K [0x0000000082c00000, 0x0000000100000000)
  region size 1024K, 2 young (2048K), 2 survivors (2048K)
 Metaspace       used 12739K, committed 13056K, reserved 1064960K
  class space    used 1178K, committed 1344K, reserved 1048576K
}
Event: 51.607 GC heap before
{Heap before GC invocations=173 (full 10):
 garbage-first heap   total 348160K, used 158775K [0x0000000082c00000, 0x0000000100000000)
  region size 1024K, 10 young (10240K), 2 survivors (2048K)
 Metaspace       used 12740K, committed 13056K, reserved 1064960K
  class space    used 1178K, committed 1344K, reserved 1048576K
}
Event: 51.608 GC heap after
{Heap after GC invocations=174 (full 10):
 garbage-first heap   total 348160K, used 95900K [0x0000000082c00000, 0x0000000100000000)
  region size 1024K, 1 young (1024K), 1 survivors (1024K)
 Metaspace       used 12740K, committed 13056K, reserved 1064960K
  class space    used 1178K, committed 1344K, reserved 1048576K
}
Event: 51.912 GC heap before
{Heap before GC invocations=174 (full 10):
 garbage-first heap   total 348160K, used 158364K [0x0000000082c00000, 0x0000000100000000)
  region size 1024K, 9 young (9216K), 1 survivors (1024K)
 Metaspace       used 12744K, committed 13056K, reserved 1064960K
  class space    used 1178K, committed 1344K, reserved 1048576K
}
Event: 51.913 GC heap after
{Heap after GC invocations=175 (full 10):
 garbage-first heap   total 348160K, used 96328K [0x0000000082c00000, 0x0000000100000000)
  region size 1024K, 2 young (2048K), 2 survivors (2048K)
 Metaspace       used 12744K, committed 13056K, reserved 1064960K
  class space    used 1178K, committed 1344K, reserved 1048576K
}
Event: 52.200 GC heap before
{Heap before GC invocations=176 (full 10):
 garbage-first heap   total 348160K, used 157768K [0x0000000082c00000, 0x0000000100000000)
  region size 1024K, 9 young (9216K), 2 survivors (2048K)
 Metaspace       used 12749K, committed 13120K, reserved 1064960K
  class space    used 1178K, committed 1344K, reserved 1048576K
}

