# JRE version: OpenJDK Runtime Environment Temurin-17.0.4.1+1 (17.0.4.1+1) (build 17.0.4.1+1)
# Java VM: OpenJDK 64-Bit Server VM Temurin-17.0.4.1+1 (17.0.4.1+1, mixed mode, sharing, tiered, compressed oops, compressed class ptrs, g1 gc, windows-amd64)
GC Precious Log:
 CPUs: 12 total, 12 available
 Memory: 8013M
 Large Page Support: Disabled
 NUMA Support: Disabled
 Compressed Oops: Enabled (32-bit)
 Heap Region Size: 1M
 Heap Min Capacity: 8M
 Heap Initial Capacity: 126M
 Heap Max Capacity: 2004M
 Pre-touch: Disabled
 Parallel Workers: 10
 Concurrent Workers: 3
 Concurrent Refinement Workers: 10
 Periodic GC: Disabled
Heap:
 garbage-first heap   total 153600K, used 34838K [0x0000000082c00000, 0x0000000100000000)
  region size 1024K, 1 young (1024K), 1 survivors (1024K)
 Metaspace       used 12943K, committed 13312K, reserved 1064960K
  class space    used 1174K, committed 1344K, reserved 1048576K
GC Heap History (20 events):
Event: 357.086 GC heap after
{Heap after GC invocations=581 (full 3):
 garbage-first heap   total 184320K, used 34869K [0x0000000082c00000, 0x0000000100000000)
  region size 1024K, 1 young (1024K), 1 survivors (1024K)
 Metaspace       used 12943K, committed 13312K, reserved 1064960K
  class space    used 1174K, committed 1344K, reserved 1048576K
}
Event: 357.561 GC heap before
{Heap before GC invocations=581 (full 3):
 garbage-first heap   total 184320K, used 131125K [0x0000000082c00000, 0x0000000100000000)
  region size 1024K, 9 young (9216K), 1 survivors (1024K)
 Metaspace       used 12943K, committed 13312K, reserved 1064960K
  class space    used 1174K, committed 1344K, reserved 1048576K
}
Event: 357.563 GC heap after
{Heap after GC invocations=582 (full 3):
 garbage-first heap   total 184320K, used 34845K [0x0000000082c00000, 0x0000000100000000)
  region size 1024K, 1 young (1024K), 1 survivors (1024K)
 Metaspace       used 12943K, committed 13312K, reserved 1064960K
  class space    used 1174K, committed 1344K, reserved 1048576K
}
Event: 358.282 GC heap before
{Heap before GC invocations=582 (full 3):
 garbage-first heap   total 187392K, used 176157K [0x0000000082c00000, 0x0000000100000000)
  region size 1024K, 14 young (14336K), 1 survivors (1024K)
 Metaspace       used 12943K, committed 13312K, reserved 1064960K
  class space    used 1174K, committed 1344K, reserved 1048576K
}
Event: 358.285 GC heap after
{Heap after GC invocations=583 (full 3):
 garbage-first heap   total 187392K, used 34857K [0x0000000082c00000, 0x0000000100000000)
  region size 1024K, 1 young (1024K), 1 survivors (1024K)
 Metaspace       used 12943K, committed 13312K, reserved 1064960K
  class space    used 1174K, committed 1344K, reserved 1048576K
}
Event: 358.415 GC heap before
{Heap before GC invocations=583 (full 3):
 garbage-first heap   total 187392K, used 61481K [0x0000000082c00000, 0x0000000100000000)
  region size 1024K, 4 young (4096K), 1 survivors (1024K)
 Metaspace       used 12943K, committed 13312K, reserved 1064960K
  class space    used 1174K, committed 1344K, reserved 1048576K
}
Event: 358.415 GC heap after
{Heap after GC invocations=584 (full 3):
 garbage-first heap   total 187392K, used 34815K [0x0000000082c00000, 0x0000000100000000)
  region size 1024K, 1 young (1024K), 1 survivors (1024K)
 Metaspace       used 12943K, committed 13312K, reserved 1064960K
  class space    used 1174K, committed 1344K, reserved 1048576K
}
Event: 358.958 GC heap before
{Heap before GC invocations=585 (full 3):
 garbage-first heap   total 153600K, used 142335K [0x0000000082c00000, 0x0000000100000000)
  region size 1024K, 11 young (11264K), 1 survivors (1024K)
 Metaspace       used 12943K, committed 13312K, reserved 1064960K
  class space    used 1174K, committed 1344K, reserved 1048576K
}
Event: 358.959 GC heap after
{Heap after GC invocations=586 (full 3):
 garbage-first heap   total 153600K, used 34841K [0x0000000082c00000, 0x0000000100000000)
  region size 1024K, 1 young (1024K), 1 survivors (1024K)
 Metaspace       used 12943K, committed 13312K, reserved 1064960K
  class space    used 1174K, committed 1344K, reserved 1048576K
}
Event: 359.313 GC heap before
{Heap before GC invocations=586 (full 3):
 garbage-first heap   total 153600K, used 108569K [0x0000000082c00000, 0x0000000100000000)
  region size 1024K, 7 young (7168K), 1 survivors (1024K)
 Metaspace       used 12943K, committed 13312K, reserved 1064960K
  class space    used 1174K, committed 1344K, reserved 1048576K
}
Event: 359.315 GC heap after
{Heap after GC invocations=587 (full 3):
 garbage-first heap   total 153600K, used 34833K [0x0000000082c00000, 0x0000000100000000)
  region size 1024K, 1 young (1024K), 1 survivors (1024K)
 Metaspace       used 12943K, committed 13312K, reserved 1064960K
  class space    used 1174K, committed 1344K, reserved 1048576K
}
Event: 359.853 GC heap before
{Heap before GC invocations=587 (full 3):
 garbage-first heap   total 153600K, used 142353K [0x0000000082c00000, 0x0000000100000000)
  region size 1024K, 11 young (11264K), 1 survivors (1024K)
 Metaspace       used 12943K, committed 13312K, reserved 1064960K
  class space    used 1174K, committed 1344K, reserved 1048576K
}
Event: 359.854 GC heap after
{Heap after GC invocations=588 (full 3):
 garbage-first heap   total 153600K, used 34843K [0x0000000082c00000, 0x0000000100000000)
  region size 1024K, 1 young (1024K), 1 survivors (1024K)
 Metaspace       used 12943K, committed 13312K, reserved 1064960K
  class space    used 1174K, committed 1344K, reserved 1048576K
}
Event: 359.930 GC heap before
{Heap before GC invocations=588 (full 3):
 garbage-first heap   total 153600K, used 48155K [0x0000000082c00000, 0x0000000100000000)
  region size 1024K, 3 young (3072K), 1 survivors (1024K)
 Metaspace       used 12943K, committed 13312K, reserved 1064960K
  class space    used 1174K, committed 1344K, reserved 1048576K
}
Event: 359.933 GC heap after
{Heap after GC invocations=589 (full 3):
 garbage-first heap   total 153600K, used 34807K [0x0000000082c00000, 0x0000000100000000)
  region size 1024K, 1 young (1024K), 1 survivors (1024K)
 Metaspace       used 12943K, committed 13312K, reserved 1064960K
  class space    used 1174K, committed 1344K, reserved 1048576K
}
Event: 359.990 GC heap before
{Heap before GC invocations=589 (full 3):
 garbage-first heap   total 153600K, used 48119K [0x0000000082c00000, 0x0000000100000000)
  region size 1024K, 3 young (3072K), 1 survivors (1024K)
 Metaspace       used 12943K, committed 13312K, reserved 1064960K
  class space    used 1174K, committed 1344K, reserved 1048576K
}
Event: 359.991 GC heap after
{Heap after GC invocations=590 (full 3):
 garbage-first heap   total 153600K, used 34809K [0x0000000082c00000, 0x0000000100000000)
  region size 1024K, 1 young (1024K), 1 survivors (1024K)
 Metaspace       used 12943K, committed 13312K, reserved 1064960K
  class space    used 1174K, committed 1344K, reserved 1048576K
}
Event: 360.053 GC heap before
{Heap before GC invocations=590 (full 3):
 garbage-first heap   total 153600K, used 48121K [0x0000000082c00000, 0x0000000100000000)
  region size 1024K, 3 young (3072K), 1 survivors (1024K)
 Metaspace       used 12943K, committed 13312K, reserved 1064960K
  class space    used 1174K, committed 1344K, reserved 1048576K
}
Event: 360.054 GC heap after
{Heap after GC invocations=591 (full 3):
 garbage-first heap   total 153600K, used 34833K [0x0000000082c00000, 0x0000000100000000)
  region size 1024K, 1 young (1024K), 1 survivors (1024K)
 Metaspace       used 12943K, committed 13312K, reserved 1064960K
  class space    used 1174K, committed 1344K, reserved 1048576K
}
Event: 360.117 GC heap before
{Heap before GC invocations=591 (full 3):
 garbage-first heap   total 153600K, used 48145K [0x0000000082c00000, 0x0000000100000000)
  region size 1024K, 3 young (3072K), 1 survivors (1024K)
 Metaspace       used 12943K, committed 13312K, reserved 1064960K
  class space    used 1174K, committed 1344K, reserved 1048576K
}

