# JRE version: OpenJDK Runtime Environment Temurin-17.0.4.1+1 (17.0.4.1+1) (build 17.0.4.1+1)
# Java VM: OpenJDK 64-Bit Server VM Temurin-17.0.4.1+1 (17.0.4.1+1, mixed mode, sharing, tiered, compressed oops, compressed class ptrs, g1 gc, windows-amd64)
GC Precious Log:
 CPUs: 12 total, 12 available
 Memory: 8013M
 Large Page Support: Disabled
 NUMA Support: Disabled
 Compressed Oops: Enabled (32-bit)
 Heap Region Size: 1M
 Heap Min Capacity: 8M
 Heap Initial Capacity: 126M
 Heap Max Capacity: 2004M
 Pre-touch: Disabled
 Parallel Workers: 10
 Concurrent Workers: 3
 Concurrent Refinement Workers: 10
 Periodic GC: Disabled
Heap:
 garbage-first heap   total 225280K, used 82745K [0x0000000082c00000, 0x0000000100000000)
  region size 1024K, 2 young (2048K), 2 survivors (2048K)
 Metaspace       used 11910K, committed 12160K, reserved 1064960K
  class space    used 1183K, committed 1280K, reserved 1048576K
GC Heap History (20 events):
Event: 21.439 GC heap after
{Heap after GC invocations=24 (full 5):
 garbage-first heap   total 135168K, used 25818K [0x0000000082c00000, 0x0000000100000000)
  region size 1024K, 1 young (1024K), 1 survivors (1024K)
 Metaspace       used 11271K, committed 11456K, reserved 1064960K
  class space    used 1115K, committed 1216K, reserved 1048576K
}
Event: 21.577 GC heap before
{Heap before GC invocations=24 (full 5):
 garbage-first heap   total 135168K, used 57562K [0x0000000082c00000, 0x0000000100000000)
  region size 1024K, 3 young (3072K), 1 survivors (1024K)
 Metaspace       used 11339K, committed 11584K, reserved 1064960K
  class space    used 1122K, committed 1216K, reserved 1048576K
}
Event: 21.577 GC heap after
{Heap after GC invocations=25 (full 5):
 garbage-first heap   total 135168K, used 38308K [0x0000000082c00000, 0x0000000100000000)
  region size 1024K, 1 young (1024K), 1 survivors (1024K)
 Metaspace       used 11339K, committed 11584K, reserved 1064960K
  class space    used 1122K, committed 1216K, reserved 1048576K
}
Event: 21.604 GC heap before
{Heap before GC invocations=25 (full 5):
 garbage-first heap   total 135168K, used 56740K [0x0000000082c00000, 0x0000000100000000)
  region size 1024K, 5 young (5120K), 1 survivors (1024K)
 Metaspace       used 11351K, committed 11584K, reserved 1064960K
  class space    used 1122K, committed 1216K, reserved 1048576K
}
Event: 21.605 GC heap after
{Heap after GC invocations=26 (full 5):
 garbage-first heap   total 135168K, used 47547K [0x0000000082c00000, 0x0000000100000000)
  region size 1024K, 1 young (1024K), 1 survivors (1024K)
 Metaspace       used 11351K, committed 11584K, reserved 1064960K
  class space    used 1122K, committed 1216K, reserved 1048576K
}
Event: 21.672 GC heap before
{Heap before GC invocations=26 (full 5):
 garbage-first heap   total 135168K, used 79291K [0x0000000082c00000, 0x0000000100000000)
  region size 1024K, 18 young (18432K), 1 survivors (1024K)
 Metaspace       used 11755K, committed 11904K, reserved 1064960K
  class space    used 1159K, committed 1216K, reserved 1048576K
}
Event: 21.673 GC heap after
{Heap after GC invocations=27 (full 5):
 garbage-first heap   total 135168K, used 54624K [0x0000000082c00000, 0x0000000100000000)
  region size 1024K, 2 young (2048K), 2 survivors (2048K)
 Metaspace       used 11755K, committed 11904K, reserved 1064960K
  class space    used 1159K, committed 1216K, reserved 1048576K
}
Event: 21.675 GC heap before
{Heap before GC invocations=27 (full 5):
 garbage-first heap   total 135168K, used 69984K [0x0000000082c00000, 0x0000000100000000)
  region size 1024K, 3 young (3072K), 2 survivors (2048K)
 Metaspace       used 11755K, committed 11904K, reserved 1064960K
  class space    used 1159K, committed 1216K, reserved 1048576K
}
Event: 21.677 GC heap after
{Heap after GC invocations=28 (full 5):
 garbage-first heap   total 135168K, used 69984K [0x0000000082c00000, 0x0000000100000000)
  region size 1024K, 2 young (2048K), 2 survivors (2048K)
 Metaspace       used 11755K, committed 11904K, reserved 1064960K
  class space    used 1159K, committed 1216K, reserved 1048576K
}
Event: 21.693 GC heap before
{Heap before GC invocations=29 (full 5):
 garbage-first heap   total 147456K, used 83296K [0x0000000082c00000, 0x0000000100000000)
  region size 1024K, 4 young (4096K), 2 survivors (2048K)
 Metaspace       used 11760K, committed 11904K, reserved 1064960K
  class space    used 1159K, committed 1216K, reserved 1048576K
}
Event: 21.694 GC heap after
{Heap after GC invocations=30 (full 5):
 garbage-first heap   total 147456K, used 82537K [0x0000000082c00000, 0x0000000100000000)
  region size 1024K, 2 young (2048K), 2 survivors (2048K)
 Metaspace       used 11760K, committed 11904K, reserved 1064960K
  class space    used 1159K, committed 1216K, reserved 1048576K
}
Event: 21.705 GC heap before
{Heap before GC invocations=31 (full 5):
 garbage-first heap   total 171008K, used 98921K [0x0000000082c00000, 0x0000000100000000)
  region size 1024K, 4 young (4096K), 2 survivors (2048K)
 Metaspace       used 11762K, committed 11904K, reserved 1064960K
  class space    used 1159K, committed 1216K, reserved 1048576K
}
Event: 21.707 GC heap after
{Heap after GC invocations=32 (full 5):
 garbage-first heap   total 225280K, used 67236K [0x0000000082c00000, 0x0000000100000000)
  region size 1024K, 2 young (2048K), 2 survivors (2048K)
 Metaspace       used 11762K, committed 11904K, reserved 1064960K
  class space    used 1159K, committed 1216K, reserved 1048576K
}
Event: 21.757 GC heap before
{Heap before GC invocations=32 (full 5):
 garbage-first heap   total 225280K, used 112292K [0x0000000082c00000, 0x0000000100000000)
  region size 1024K, 17 young (17408K), 2 survivors (2048K)
 Metaspace       used 11762K, committed 11904K, reserved 1064960K
  class space    used 1159K, committed 1216K, reserved 1048576K
}
Event: 21.759 GC heap after
{Heap after GC invocations=33 (full 5):
 garbage-first heap   total 225280K, used 82641K [0x0000000082c00000, 0x0000000100000000)
  region size 1024K, 2 young (2048K), 2 survivors (2048K)
 Metaspace       used 11762K, committed 11904K, reserved 1064960K
  class space    used 1159K, committed 1216K, reserved 1048576K
}
Event: 21.771 GC heap before
{Heap before GC invocations=33 (full 5):
 garbage-first heap   total 225280K, used 98001K [0x0000000082c00000, 0x0000000100000000)
  region size 1024K, 3 young (3072K), 2 survivors (2048K)
 Metaspace       used 11762K, committed 11904K, reserved 1064960K
  class space    used 1159K, committed 1216K, reserved 1048576K
}
Event: 21.772 GC heap after
{Heap after GC invocations=34 (full 5):
 garbage-first heap   total 225280K, used 97913K [0x0000000082c00000, 0x0000000100000000)
  region size 1024K, 2 young (2048K), 2 survivors (2048K)
 Metaspace       used 11762K, committed 11904K, reserved 1064960K
  class space    used 1159K, committed 1216K, reserved 1048576K
}
Event: 21.792 GC heap before
{Heap before GC invocations=34 (full 5):
 garbage-first heap   total 225280K, used 114297K [0x0000000082c00000, 0x0000000100000000)
  region size 1024K, 4 young (4096K), 2 survivors (2048K)
 Metaspace       used 11781K, committed 11968K, reserved 1064960K
  class space    used 1159K, committed 1216K, reserved 1048576K
}
Event: 21.793 GC heap after
{Heap after GC invocations=35 (full 5):
 garbage-first heap   total 225280K, used 82809K [0x0000000082c00000, 0x0000000100000000)
  region size 1024K, 2 young (2048K), 2 survivors (2048K)
 Metaspace       used 11781K, committed 11968K, reserved 1064960K
  class space    used 1159K, committed 1216K, reserved 1048576K
}
Event: 21.830 GC heap before
{Heap before GC invocations=35 (full 5):
 garbage-first heap   total 225280K, used 114553K [0x0000000082c00000, 0x0000000100000000)
  region size 1024K, 19 young (19456K), 2 survivors (2048K)
 Metaspace       used 11910K, committed 12160K, reserved 1064960K
  class space    used 1183K, committed 1280K, reserved 1048576K
}

